#
# A fatal error has been detected by the Java Runtime Environment:
#
#  Internal Error (javaClasses.cpp:129), pid=6440, tid=4016
#  fatal error: Invalid layout of preloaded class
#
# JRE version: 7.0_25-b17
# Java VM: Java HotSpot(TM) Client VM (23.25-b01 mixed mode windows-x86 )
# Failed to write core dump. Minidumps are not enabled by default on client versions of Windows
#
# If you would like to submit a bug report, please visit:
#   http://bugreport.sun.com/bugreport/crash.jsp
#

---------------  T H R E A D  ---------------

Current thread (0x00acb000):  JavaThread "Unknown thread" [_thread_in_vm, id=4016, stack(0x005d0000,0x00620000)]

Stack: [0x005d0000,0x00620000],  sp=0x0061f8d0,  free space=318k
Native frames: (J=compiled Java code, j=interpreted, Vv=VM code, C=native code)
V  [jvm.dll+0x167e31]
V  [jvm.dll+0x1620f6]
V  [jvm.dll+0x1f92f]
V  [jvm.dll+0x1f9b6]
V  [jvm.dll+0x2cffd]
V  [jvm.dll+0x2d2a9]
V  [jvm.dll+0x75351]
V  [jvm.dll+0x7570b]
V  [jvm.dll+0x123881]
V  [jvm.dll+0x1439cc]
V  [jvm.dll+0xa619f]
C  [javaw.exe+0x13ca]
C  [javaw.exe+0x1e3c]
C  [javaw.exe+0xa5b1]
C  [javaw.exe+0xa63b]
C  [kernel32.dll+0x53c45]  BaseThreadInitThunk+0x12
C  [ntdll.dll+0x637f5]  RtlInitializeExceptionChain+0xef
C  [ntdll.dll+0x637c8]  RtlInitializeExceptionChain+0xc2


---------------  P R O C E S S  ---------------

Java Threads: ( => current thread )

Other Threads:

=>0x00acb000 (exited) JavaThread "Unknown thread" [_thread_in_vm, id=4016, stack(0x005d0000,0x00620000)]

VM state:not at safepoint (not fully initialized)

VM Mutex/Monitor currently owned by a thread: None

GC Heap History (0 events):
No events

Deoptimization events (0 events):
No events

Internal exceptions (0 events):
No events

Events (10 events):
Event: 0.039 loading class 0x00983668 done
Event: 0.039 loading class 0x00982520 done
Event: 0.039 loading class 0x009824f8
Event: 0.040 loading class 0x009f7cd0
Event: 0.059 loading class 0x009f7cd0 done
Event: 0.059 loading class 0x009f7d08
Event: 0.059 loading class 0x009f7d08 done
Event: 0.059 loading class 0x009ecbf0
Event: 0.059 loading class 0x009ecbf0 done
Event: 0.059 loading class 0x009824f8 done


Dynamic libraries:
0x00c80000 - 0x00caf000 	C:\Program Files\Java\jre7\bin\javaw.exe
0x774c0000 - 0x775fc000 	C:\Windows\SYSTEM32\ntdll.dll
0x75bc0000 - 0x75c94000 	C:\Windows\system32\kernel32.dll
0x75890000 - 0x758da000 	C:\Windows\system32\KERNELBASE.dll
0x77650000 - 0x776f0000 	C:\Windows\system32\ADVAPI32.dll
0x76510000 - 0x765bc000 	C:\Windows\system32\msvcrt.dll
0x76170000 - 0x76189000 	C:\Windows\SYSTEM32\sechost.dll
0x765c0000 - 0x76661000 	C:\Windows\system32\RPCRT4.dll
0x75910000 - 0x759d9000 	C:\Windows\system32\USER32.dll
0x75ca0000 - 0x75cee000 	C:\Windows\system32\GDI32.dll
0x77640000 - 0x7764a000 	C:\Windows\system32\LPK.dll
0x76400000 - 0x7649d000 	C:\Windows\system32\USP10.dll
0x74320000 - 0x744be000 	C:\Windows\WinSxS\x86_microsoft.windows.common-controls_6595b64144ccf1df_6.0.7601.17514_none_41e6975e2bd6f2b2\COMCTL32.dll
0x764b0000 - 0x76507000 	C:\Windows\system32\SHLWAPI.dll
0x75cf0000 - 0x75d0f000 	C:\Windows\system32\IMM32.DLL
0x759f0000 - 0x75abc000 	C:\Windows\system32\MSCTF.dll
0x65380000 - 0x6543e000 	C:\Program Files\Java\jre7\bin\msvcr100.dll
0x5f7b0000 - 0x5faf2000 	C:\Program Files\Java\jre7\bin\client\jvm.dll
0x71030000 - 0x71037000 	C:\Windows\system32\WSOCK32.dll
0x76130000 - 0x76165000 	C:\Windows\system32\WS2_32.dll
0x77600000 - 0x77606000 	C:\Windows\system32\NSI.dll
0x73c50000 - 0x73c82000 	C:\Windows\system32\WINMM.dll
0x759e0000 - 0x759e5000 	C:\Windows\system32\PSAPI.DLL
0x73750000 - 0x7375c000 	C:\Program Files\Java\jre7\bin\verify.dll
0x69b90000 - 0x69bb0000 	C:\Program Files\Java\jre7\bin\java.dll
0x6afb0000 - 0x6afc3000 	C:\Program Files\Java\jre7\bin\zip.dll
0x71330000 - 0x7141b000 	C:\Windows\system32\dbghelp.dll

VM Arguments:
jvm_args: -Dfile.encoding=GBK -Xbootclasspath:D:\Android\SDK\platforms\android-17\android.jar 
java_command: com.example.cdpsn.tool.GetCheckcode
Launcher Type: SUN_STANDARD

Environment Variables:
PATH=D:/Android/eclipse/jre/bin/client;D:/Android/eclipse/jre/bin;D:/Android/eclipse/jre/lib/i386;C:\Program Files\AMD APP\bin\x86;C:\Windows\system32;C:\Windows;C:\Windows\System32\Wbem;C:\Windows\System32\WindowsPowerShell\v1.0\;C:\Program Files\Common Files\Thunder Network\KanKan\Codecs;D:\vc\bin;D:\vc\msdev98\bin;D:\vc\debug;D:\vc\MSDev98\Bin;D:\vc\bin;D:\Android\eclipse;
USERNAME=binson
OS=Windows_NT
PROCESSOR_IDENTIFIER=x86 Family 6 Model 42 Stepping 7, GenuineIntel



---------------  S Y S T E M  ---------------

OS: Windows 7 Build 7601 Service Pack 1

CPU:total 4 (2 cores per cpu, 2 threads per core) family 6 model 42 stepping 7, cmov, cx8, fxsr, mmx, sse, sse2, sse3, ssse3, sse4.1, sse4.2, popcnt, avx, ht, tsc, tscinvbit

Memory: 4k page, physical 3090288k(795240k free), swap 6178820k(2501064k free)

vm_info: Java HotSpot(TM) Client VM (23.25-b01) for windows-x86 JRE (1.7.0_25-b17), built on Jun 21 2013 13:06:48 by "java_re" with unknown MS VC++:1600

time: Tue Aug 13 14:41:19 2013
elapsed time: 0 seconds

