#
# A fatal error has been detected by the Java Runtime Environment:
#
#  Internal Error (javaClasses.cpp:129), pid=2424, tid=1108
#  fatal error: Invalid layout of preloaded class
#
# JRE version: 7.0_25-b17
# Java VM: Java HotSpot(TM) Client VM (23.25-b01 mixed mode windows-x86 )
# Failed to write core dump. Minidumps are not enabled by default on client versions of Windows
#
# If you would like to submit a bug report, please visit:
#   http://bugreport.sun.com/bugreport/crash.jsp
#

---------------  T H R E A D  ---------------

Current thread (0x019ab000):  JavaThread "Unknown thread" [_thread_in_vm, id=1108, stack(0x011b0000,0x01200000)]

Stack: [0x011b0000,0x01200000],  sp=0x011ff324,  free space=316k
Native frames: (J=compiled Java code, j=interpreted, Vv=VM code, C=native code)
V  [jvm.dll+0x167e31]
V  [jvm.dll+0x1620f6]
V  [jvm.dll+0x1f92f]
V  [jvm.dll+0x1f9b6]
V  [jvm.dll+0x2cffd]
V  [jvm.dll+0x2d2a9]
V  [jvm.dll+0x75351]
V  [jvm.dll+0x7570b]
V  [jvm.dll+0x123881]
V  [jvm.dll+0x1439cc]
V  [jvm.dll+0xa619f]
C  [javaw.exe+0x13ca]
C  [javaw.exe+0x1e3c]
C  [javaw.exe+0xa5b1]
C  [javaw.exe+0xa63b]
C  [kernel32.dll+0x53c45]  BaseThreadInitThunk+0x12
C  [ntdll.dll+0x637f5]  RtlInitializeExceptionChain+0xef
C  [ntdll.dll+0x637c8]  RtlInitializeExceptionChain+0xc2


---------------  P R O C E S S  ---------------

Java Threads: ( => current thread )

Other Threads:

=>0x019ab000 (exited) JavaThread "Unknown thread" [_thread_in_vm, id=1108, stack(0x011b0000,0x01200000)]

VM state:not at safepoint (not fully initialized)

VM Mutex/Monitor currently owned by a thread: None

GC Heap History (0 events):
No events

Deoptimization events (0 events):
No events

Internal exceptions (0 events):
No events

Events (10 events):
Event: 0.009 loading class 0x01a93518 done
Event: 0.009 loading class 0x019afe38 done
Event: 0.009 loading class 0x019afe10
Event: 0.009 loading class 0x01b07b80
Event: 0.010 loading class 0x01b07b80 done
Event: 0.010 loading class 0x01b07bb8
Event: 0.010 loading class 0x01b07bb8 done
Event: 0.010 loading class 0x01afcaa0
Event: 0.010 loading class 0x01afcaa0 done
Event: 0.010 loading class 0x019afe10 done


Dynamic libraries:
0x01150000 - 0x0117f000 	C:\Program Files\Java\jre7\bin\javaw.exe
0x77660000 - 0x7779c000 	C:\Windows\SYSTEM32\ntdll.dll
0x76690000 - 0x76764000 	C:\Windows\system32\kernel32.dll
0x758f0000 - 0x7593a000 	C:\Windows\system32\KERNELBASE.dll
0x762a0000 - 0x76340000 	C:\Windows\system32\ADVAPI32.dll
0x76770000 - 0x7681c000 	C:\Windows\system32\msvcrt.dll
0x777c0000 - 0x777d9000 	C:\Windows\SYSTEM32\sechost.dll
0x76890000 - 0x76931000 	C:\Windows\system32\RPCRT4.dll
0x75c60000 - 0x75d29000 	C:\Windows\system32\USER32.dll
0x75bb0000 - 0x75bfe000 	C:\Windows\system32\GDI32.dll
0x777b0000 - 0x777ba000 	C:\Windows\system32\LPK.dll
0x75d30000 - 0x75dcd000 	C:\Windows\system32\USP10.dll
0x740e0000 - 0x7427e000 	C:\Windows\WinSxS\x86_microsoft.windows.common-controls_6595b64144ccf1df_6.0.7601.17514_none_41e6975e2bd6f2b2\COMCTL32.dll
0x75dd0000 - 0x75e27000 	C:\Windows\system32\SHLWAPI.dll
0x76340000 - 0x7635f000 	C:\Windows\system32\IMM32.DLL
0x76940000 - 0x76a0c000 	C:\Windows\system32\MSCTF.dll
0x67200000 - 0x672be000 	C:\Program Files\Java\jre7\bin\msvcr100.dll
0x64ea0000 - 0x651e2000 	C:\Program Files\Java\jre7\bin\client\jvm.dll
0x70ae0000 - 0x70ae7000 	C:\Windows\system32\WSOCK32.dll
0x76850000 - 0x76885000 	C:\Windows\system32\WS2_32.dll
0x77880000 - 0x77886000 	C:\Windows\system32\NSI.dll
0x73da0000 - 0x73dd2000 	C:\Windows\system32\WINMM.dll
0x777e0000 - 0x777e5000 	C:\Windows\system32\PSAPI.DLL
0x73b60000 - 0x73b6c000 	C:\Program Files\Java\jre7\bin\verify.dll
0x671e0000 - 0x67200000 	C:\Program Files\Java\jre7\bin\java.dll
0x671c0000 - 0x671d3000 	C:\Program Files\Java\jre7\bin\zip.dll
0x73990000 - 0x73a7b000 	C:\Windows\system32\dbghelp.dll

VM Arguments:
jvm_args: -Dfile.encoding=GBK -Xbootclasspath:D:\Android\SDK\platforms\android-17\android.jar 
java_command: com.example.cdpsn.tool.JwwInfoFetcher
Launcher Type: SUN_STANDARD

Environment Variables:
PATH=D:/Android/eclipse/jre/bin/client;D:/Android/eclipse/jre/bin;D:/Android/eclipse/jre/lib/i386;C:\Program Files\AMD APP\bin\x86;C:\Windows\system32;C:\Windows;C:\Windows\System32\Wbem;C:\Windows\System32\WindowsPowerShell\v1.0\;C:\Program Files\Common Files\Thunder Network\KanKan\Codecs;D:\vc\bin;D:\vc\msdev98\bin;D:\vc\debug;D:\vc\MSDev98\Bin;D:\vc\bin;D:\Android\eclipse;
USERNAME=binson
OS=Windows_NT
PROCESSOR_IDENTIFIER=x86 Family 6 Model 42 Stepping 7, GenuineIntel



---------------  S Y S T E M  ---------------

OS: Windows 7 Build 7601 Service Pack 1

CPU:total 4 (2 cores per cpu, 2 threads per core) family 6 model 42 stepping 7, cmov, cx8, fxsr, mmx, sse, sse2, sse3, ssse3, sse4.1, sse4.2, popcnt, avx, ht, tsc, tscinvbit

Memory: 4k page, physical 3090288k(419400k free), swap 6178820k(3051564k free)

vm_info: Java HotSpot(TM) Client VM (23.25-b01) for windows-x86 JRE (1.7.0_25-b17), built on Jun 21 2013 13:06:48 by "java_re" with unknown MS VC++:1600

time: Mon Jul 29 12:51:19 2013
elapsed time: 0 seconds

